2025-10-21 00:02:05,294 - INFO - Start Time: 2025-10-21 00:02:05
2025-10-21 00:02:05,294 - INFO - Secret Key: my_ultra_secure_key_2024
2025-10-21 00:02:05,413 - INFO - 
============================================================
2025-10-21 00:02:05,421 - INFO - ============================================================
2025-10-21 00:02:05,423 - INFO - 
Testing 'geometric' image...
2025-10-21 00:02:06,047 - INFO -   PSNR: 51.14 dB
2025-10-21 00:02:06,047 - INFO -   Tamper percentage: 0.0000%
2025-10-21 00:02:06,047 - INFO -   Status: VALID
2025-10-21 00:02:06,047 - INFO -   Channel tampering: ['0.0000%', '0.0000%', '0.0000%']
2025-10-21 00:02:06,047 - INFO - 
Testing 'gradient' image...
2025-10-21 00:02:06,114 - INFO -   PSNR: 51.16 dB
2025-10-21 00:02:06,124 - INFO -   Tamper percentage: 0.0000%
2025-10-21 00:02:06,124 - INFO -   Status: VALID
2025-10-21 00:02:06,125 - INFO -   Channel tampering: ['0.0000%', '0.0000%', '0.0000%']
2025-10-21 00:02:06,127 - INFO - 
Testing 'random_texture' image...
2025-10-21 00:02:06,187 - INFO -   PSNR: 51.14 dB
2025-10-21 00:02:06,188 - INFO -   Tamper percentage: 0.0000%
2025-10-21 00:02:06,189 - INFO -   Status: VALID
2025-10-21 00:02:06,191 - INFO -   Channel tampering: ['0.0000%', '0.0000%', '0.0000%']
2025-10-21 00:02:06,192 - INFO - 
Testing 'smooth' image...
2025-10-21 00:02:06,272 - INFO -   PSNR: 51.14 dB
2025-10-21 00:02:06,273 - INFO -   Tamper percentage: 0.0000%
2025-10-21 00:02:06,275 - INFO -   Status: VALID
2025-10-21 00:02:06,277 - INFO -   Channel tampering: ['0.0000%', '0.0000%', '0.0000%']
2025-10-21 00:02:06,278 - INFO - 
============================================================
2025-10-21 00:02:06,281 - INFO - ============================================================
2025-10-21 00:02:06,281 - INFO - 
Testing 'geometric' image tampering detection...
2025-10-21 00:02:07,863 - INFO - 
Testing 'gradient' image tampering detection...
2025-10-21 00:02:09,273 - INFO - 
Testing 'random_texture' image tampering detection...
2025-10-21 00:02:10,798 - INFO - 
Testing 'smooth' image tampering detection...
2025-10-21 00:02:12,231 - INFO - 
================================================================================
2025-10-21 00:02:12,235 - INFO - ================================================================================
2025-10-21 00:02:12,238 - INFO - --------------------------------------------------
2025-10-21 00:02:12,238 - INFO - geometric      :   0.0000% - VALID
2025-10-21 00:02:12,238 - INFO - gradient       :   0.0000% - VALID
2025-10-21 00:02:12,238 - INFO - random_texture :   0.0000% - VALID
2025-10-21 00:02:12,238 - INFO - smooth         :   0.0000% - VALID
2025-10-21 00:02:12,238 - INFO - 
Untampered Success Rate: 100.0%
2025-10-21 00:02:12,260 - INFO - --------------------------------------------------
2025-10-21 00:02:12,260 - INFO - 
geometric:
2025-10-21 00:02:12,260 - INFO -   jpeg_q95       :  45.35% - DETECTED
2025-10-21 00:02:12,260 - INFO -   jpeg_q85       :  49.72% - DETECTED
2025-10-21 00:02:12,270 - INFO -   jpeg_q75       :  48.54% - DETECTED
2025-10-21 00:02:12,270 - INFO -   jpeg_q50       :  50.05% - DETECTED
2025-10-21 00:02:12,270 - INFO -   jpeg_q25       :  49.96% - DETECTED
2025-10-21 00:02:12,270 - INFO -   noise_1        :  20.33% - DETECTED
2025-10-21 00:02:12,277 - INFO -   noise_2        :  32.29% - DETECTED
2025-10-21 00:02:12,277 - INFO -   noise_5        :  42.18% - DETECTED
2025-10-21 00:02:12,279 - INFO -   noise_10       :  46.00% - DETECTED
2025-10-21 00:02:12,281 - INFO -   brightness+2   :   3.68% - DETECTED
2025-10-21 00:02:12,281 - INFO -   brightness-2   :  46.30% - DETECTED
2025-10-21 00:02:12,283 - INFO -   brightness+5   :  96.31% - DETECTED
2025-10-21 00:02:12,286 - INFO -   brightness-5   :  53.67% - DETECTED
2025-10-21 00:02:12,286 - INFO -   brightness+10  :   3.68% - DETECTED
2025-10-21 00:02:12,286 - INFO -   brightness-10  :  46.30% - DETECTED
2025-10-21 00:02:12,286 - INFO -   brightness+20  :   3.68% - DETECTED
2025-10-21 00:02:12,286 - INFO -   brightness-20  :  46.30% - DETECTED
2025-10-21 00:02:12,286 - INFO -   blur_3         :  19.96% - DETECTED
2025-10-21 00:02:12,286 - INFO -   blur_5         :  28.34% - DETECTED
2025-10-21 00:02:12,286 - INFO -   blur_7         :  33.91% - DETECTED
2025-10-21 00:02:12,286 - INFO -   crop_2         :  46.64% - DETECTED
2025-10-21 00:02:12,286 - INFO -   crop_5         :  49.40% - DETECTED
2025-10-21 00:02:12,286 - INFO -   crop_10        :  49.89% - DETECTED
2025-10-21 00:02:12,286 - INFO - 
gradient:
2025-10-21 00:02:12,302 - INFO -   jpeg_q95       :  48.82% - DETECTED
2025-10-21 00:02:12,302 - INFO -   jpeg_q85       :  49.67% - DETECTED
2025-10-21 00:02:12,302 - INFO -   jpeg_q75       :  49.96% - DETECTED
2025-10-21 00:02:12,302 - INFO -   jpeg_q50       :  50.08% - DETECTED
2025-10-21 00:02:12,302 - INFO -   jpeg_q25       :  50.03% - DETECTED
2025-10-21 00:02:12,302 - INFO -   noise_1        :  21.69% - DETECTED
2025-10-21 00:02:12,310 - INFO -   noise_2        :  35.44% - DETECTED
2025-10-21 00:02:12,310 - INFO -   noise_5        :  44.02% - DETECTED
2025-10-21 00:02:12,312 - INFO -   noise_10       :  46.85% - DETECTED
2025-10-21 00:02:12,314 - INFO -   brightness+2   :   0.00% - MISSED
2025-10-21 00:02:12,314 - INFO -   brightness-2   :   0.57% - MISSED
2025-10-21 00:02:12,316 - INFO -   brightness+5   : 100.00% - DETECTED
2025-10-21 00:02:12,318 - INFO -   brightness-5   :  98.31% - DETECTED
2025-10-21 00:02:12,318 - INFO -   brightness+10  :   0.25% - MISSED
2025-10-21 00:02:12,320 - INFO -   brightness-10  :   2.76% - DETECTED
2025-10-21 00:02:12,320 - INFO -   brightness+20  :   0.90% - MISSED
2025-10-21 00:02:12,322 - INFO -   brightness-20  :   5.52% - DETECTED
2025-10-21 00:02:12,322 - INFO -   blur_3         :  34.27% - DETECTED
2025-10-21 00:02:12,322 - INFO -   blur_5         :  41.14% - DETECTED
2025-10-21 00:02:12,322 - INFO -   blur_7         :  46.66% - DETECTED
2025-10-21 00:02:12,327 - INFO -   crop_2         :  47.49% - DETECTED
2025-10-21 00:02:12,327 - INFO -   crop_5         :  49.50% - DETECTED
2025-10-21 00:02:12,327 - INFO -   crop_10        :  49.90% - DETECTED
2025-10-21 00:02:12,327 - INFO - 
random_texture:
2025-10-21 00:02:12,327 - INFO -   jpeg_q95       :  50.05% - DETECTED
2025-10-21 00:02:12,335 - INFO -   jpeg_q85       :  50.02% - DETECTED
2025-10-21 00:02:12,336 - INFO -   jpeg_q75       :  50.04% - DETECTED
2025-10-21 00:02:12,337 - INFO -   jpeg_q50       :  49.95% - DETECTED
2025-10-21 00:02:12,338 - INFO -   jpeg_q25       :  49.98% - DETECTED
2025-10-21 00:02:12,340 - INFO -   noise_1        :  21.67% - DETECTED
2025-10-21 00:02:12,341 - INFO -   noise_2        :  35.41% - DETECTED
2025-10-21 00:02:12,345 - INFO -   noise_5        :  44.02% - DETECTED
2025-10-21 00:02:12,348 - INFO -   noise_10       :  46.83% - DETECTED
2025-10-21 00:02:12,349 - INFO -   brightness+2   :   0.20% - MISSED
2025-10-21 00:02:12,351 - INFO -   brightness-2   :   0.39% - MISSED
2025-10-21 00:02:12,351 - INFO -   brightness+5   :  99.01% - DETECTED
2025-10-21 00:02:12,353 - INFO -   brightness-5   :  98.79% - DETECTED
2025-10-21 00:02:12,359 - INFO -   brightness+10  :   1.75% - MISSED
2025-10-21 00:02:12,359 - INFO -   brightness-10  :   1.96% - MISSED
2025-10-21 00:02:12,359 - INFO -   brightness+20  :   3.74% - DETECTED
2025-10-21 00:02:12,359 - INFO -   brightness-20  :   3.92% - DETECTED
2025-10-21 00:02:12,359 - INFO -   blur_3         :  49.95% - DETECTED
2025-10-21 00:02:12,359 - INFO -   blur_5         :  49.93% - DETECTED
2025-10-21 00:02:12,359 - INFO -   blur_7         :  49.92% - DETECTED
2025-10-21 00:02:12,359 - INFO -   crop_2         :  50.10% - DETECTED
2025-10-21 00:02:12,359 - INFO -   crop_5         :  49.90% - DETECTED
2025-10-21 00:02:12,372 - INFO -   crop_10        :  49.95% - DETECTED
2025-10-21 00:02:12,373 - INFO - 
smooth:
2025-10-21 00:02:12,373 - INFO -   jpeg_q95       :  49.54% - DETECTED
2025-10-21 00:02:12,373 - INFO -   jpeg_q85       :  49.92% - DETECTED
2025-10-21 00:02:12,373 - INFO -   jpeg_q75       :  50.11% - DETECTED
2025-10-21 00:02:12,373 - INFO -   jpeg_q50       :  50.15% - DETECTED
2025-10-21 00:02:12,373 - INFO -   jpeg_q25       :  50.15% - DETECTED
2025-10-21 00:02:12,373 - INFO -   noise_1        :  21.70% - DETECTED
2025-10-21 00:02:12,373 - INFO -   noise_2        :  35.45% - DETECTED
2025-10-21 00:02:12,373 - INFO -   noise_5        :  44.06% - DETECTED
2025-10-21 00:02:12,373 - INFO -   noise_10       :  46.91% - DETECTED
2025-10-21 00:02:12,389 - INFO -   brightness+2   :   0.00% - MISSED
2025-10-21 00:02:12,391 - INFO -   brightness-2   :   0.30% - MISSED
2025-10-21 00:02:12,393 - INFO -   brightness+5   : 100.00% - DETECTED
2025-10-21 00:02:12,393 - INFO -   brightness-5   :  98.91% - DETECTED
2025-10-21 00:02:12,395 - INFO -   brightness+10  :   0.00% - MISSED
2025-10-21 00:02:12,397 - INFO -   brightness-10  :   1.93% - MISSED
2025-10-21 00:02:12,397 - INFO -   brightness+20  :   0.00% - MISSED
2025-10-21 00:02:12,399 - INFO -   brightness-20  :   4.05% - DETECTED
2025-10-21 00:02:12,399 - INFO -   blur_3         :  44.24% - DETECTED
2025-10-21 00:02:12,399 - INFO -   blur_5         :  47.86% - DETECTED
2025-10-21 00:02:12,399 - INFO -   blur_7         :  49.52% - DETECTED
2025-10-21 00:02:12,405 - INFO -   crop_2         :  48.19% - DETECTED
2025-10-21 00:02:12,406 - INFO -   crop_5         :  49.70% - DETECTED
2025-10-21 00:02:12,408 - INFO -   crop_10        :  49.90% - DETECTED
2025-10-21 00:02:12,408 - INFO - 
Tampering Detection Rate: 85.9%
2025-10-21 00:02:12,413 - INFO - ------------------------------
2025-10-21 00:02:12,413 - INFO - Overall System Score: 92.9%
2025-10-21 00:02:12,413 - INFO - System Rating: EXCELLENT
2025-10-21 00:02:12,413 - INFO - Test Duration: 7.14 seconds
2025-10-21 00:02:12,413 - INFO - Log File: watermark_analysis_20251021_000205.log
2025-10-21 00:02:12,567 - INFO - 
================================================================================
2025-10-21 00:02:12,573 - INFO - ================================================================================
2025-10-21 00:02:12,583 - INFO - --------------------------------------------------
2025-10-21 00:02:12,587 - INFO - geometric      :   0.0000% - VALID
2025-10-21 00:02:12,589 - INFO - gradient       :   0.0000% - VALID
2025-10-21 00:02:12,590 - INFO - random_texture :   0.0000% - VALID
2025-10-21 00:02:12,591 - INFO - smooth         :   0.0000% - VALID
2025-10-21 00:02:12,592 - INFO - 
Untampered Success Rate: 100.0%
2025-10-21 00:02:12,599 - INFO - --------------------------------------------------
2025-10-21 00:02:12,600 - INFO - 
geometric:
2025-10-21 00:02:12,602 - INFO -   jpeg_q95       :  45.35% - DETECTED
2025-10-21 00:02:12,603 - INFO -   jpeg_q85       :  49.72% - DETECTED
2025-10-21 00:02:12,604 - INFO -   jpeg_q75       :  48.54% - DETECTED
2025-10-21 00:02:12,606 - INFO -   jpeg_q50       :  50.05% - DETECTED
2025-10-21 00:02:12,607 - INFO -   jpeg_q25       :  49.96% - DETECTED
2025-10-21 00:02:12,608 - INFO -   noise_1        :  20.33% - DETECTED
2025-10-21 00:02:12,610 - INFO -   noise_2        :  32.29% - DETECTED
2025-10-21 00:02:12,612 - INFO -   noise_5        :  42.18% - DETECTED
2025-10-21 00:02:12,613 - INFO -   noise_10       :  46.00% - DETECTED
2025-10-21 00:02:12,615 - INFO -   brightness+2   :   3.68% - DETECTED
2025-10-21 00:02:12,616 - INFO -   brightness-2   :  46.30% - DETECTED
2025-10-21 00:02:12,617 - INFO -   brightness+5   :  96.31% - DETECTED
2025-10-21 00:02:12,618 - INFO -   brightness-5   :  53.67% - DETECTED
2025-10-21 00:02:12,619 - INFO -   brightness+10  :   3.68% - DETECTED
2025-10-21 00:02:12,620 - INFO -   brightness-10  :  46.30% - DETECTED
2025-10-21 00:02:12,621 - INFO -   brightness+20  :   3.68% - DETECTED
2025-10-21 00:02:12,622 - INFO -   brightness-20  :  46.30% - DETECTED
2025-10-21 00:02:12,623 - INFO -   blur_3         :  19.96% - DETECTED
2025-10-21 00:02:12,624 - INFO -   blur_5         :  28.34% - DETECTED
2025-10-21 00:02:12,625 - INFO -   blur_7         :  33.91% - DETECTED
2025-10-21 00:02:12,626 - INFO -   crop_2         :  46.64% - DETECTED
2025-10-21 00:02:12,627 - INFO -   crop_5         :  49.40% - DETECTED
2025-10-21 00:02:12,627 - INFO -   crop_10        :  49.89% - DETECTED
2025-10-21 00:02:12,629 - INFO - 
gradient:
2025-10-21 00:02:12,630 - INFO -   jpeg_q95       :  48.82% - DETECTED
2025-10-21 00:02:12,631 - INFO -   jpeg_q85       :  49.67% - DETECTED
2025-10-21 00:02:12,632 - INFO -   jpeg_q75       :  49.96% - DETECTED
2025-10-21 00:02:12,633 - INFO -   jpeg_q50       :  50.08% - DETECTED
2025-10-21 00:02:12,634 - INFO -   jpeg_q25       :  50.03% - DETECTED
2025-10-21 00:02:12,635 - INFO -   noise_1        :  21.69% - DETECTED
2025-10-21 00:02:12,637 - INFO -   noise_2        :  35.44% - DETECTED
2025-10-21 00:02:12,638 - INFO -   noise_5        :  44.02% - DETECTED
2025-10-21 00:02:12,639 - INFO -   noise_10       :  46.85% - DETECTED
2025-10-21 00:02:12,640 - INFO -   brightness+2   :   0.00% - MISSED
2025-10-21 00:02:12,641 - INFO -   brightness-2   :   0.57% - MISSED
2025-10-21 00:02:12,642 - INFO -   brightness+5   : 100.00% - DETECTED
2025-10-21 00:02:12,643 - INFO -   brightness-5   :  98.31% - DETECTED
2025-10-21 00:02:12,644 - INFO -   brightness+10  :   0.25% - MISSED
2025-10-21 00:02:12,646 - INFO -   brightness-10  :   2.76% - DETECTED
2025-10-21 00:02:12,647 - INFO -   brightness+20  :   0.90% - MISSED
2025-10-21 00:02:12,647 - INFO -   brightness-20  :   5.52% - DETECTED
2025-10-21 00:02:12,648 - INFO -   blur_3         :  34.27% - DETECTED
2025-10-21 00:02:12,649 - INFO -   blur_5         :  41.14% - DETECTED
2025-10-21 00:02:12,651 - INFO -   blur_7         :  46.66% - DETECTED
2025-10-21 00:02:12,652 - INFO -   crop_2         :  47.49% - DETECTED
2025-10-21 00:02:12,653 - INFO -   crop_5         :  49.50% - DETECTED
2025-10-21 00:02:12,654 - INFO -   crop_10        :  49.90% - DETECTED
2025-10-21 00:02:12,655 - INFO - 
random_texture:
2025-10-21 00:02:12,656 - INFO -   jpeg_q95       :  50.05% - DETECTED
2025-10-21 00:02:12,658 - INFO -   jpeg_q85       :  50.02% - DETECTED
2025-10-21 00:02:12,659 - INFO -   jpeg_q75       :  50.04% - DETECTED
2025-10-21 00:02:12,659 - INFO -   jpeg_q50       :  49.95% - DETECTED
2025-10-21 00:02:12,661 - INFO -   jpeg_q25       :  49.98% - DETECTED
2025-10-21 00:02:12,662 - INFO -   noise_1        :  21.67% - DETECTED
2025-10-21 00:02:12,663 - INFO -   noise_2        :  35.41% - DETECTED
2025-10-21 00:02:12,664 - INFO -   noise_5        :  44.02% - DETECTED
2025-10-21 00:02:12,665 - INFO -   noise_10       :  46.83% - DETECTED
2025-10-21 00:02:12,665 - INFO -   brightness+2   :   0.20% - MISSED
2025-10-21 00:02:12,666 - INFO -   brightness-2   :   0.39% - MISSED
2025-10-21 00:02:12,667 - INFO -   brightness+5   :  99.01% - DETECTED
2025-10-21 00:02:12,667 - INFO -   brightness-5   :  98.79% - DETECTED
2025-10-21 00:02:12,669 - INFO -   brightness+10  :   1.75% - MISSED
2025-10-21 00:02:12,670 - INFO -   brightness-10  :   1.96% - MISSED
2025-10-21 00:02:12,671 - INFO -   brightness+20  :   3.74% - DETECTED
2025-10-21 00:02:12,672 - INFO -   brightness-20  :   3.92% - DETECTED
2025-10-21 00:02:12,673 - INFO -   blur_3         :  49.95% - DETECTED
2025-10-21 00:02:12,674 - INFO -   blur_5         :  49.93% - DETECTED
2025-10-21 00:02:12,675 - INFO -   blur_7         :  49.92% - DETECTED
2025-10-21 00:02:12,676 - INFO -   crop_2         :  50.10% - DETECTED
2025-10-21 00:02:12,677 - INFO -   crop_5         :  49.90% - DETECTED
2025-10-21 00:02:12,679 - INFO -   crop_10        :  49.95% - DETECTED
2025-10-21 00:02:12,680 - INFO - 
smooth:
2025-10-21 00:02:12,681 - INFO -   jpeg_q95       :  49.54% - DETECTED
2025-10-21 00:02:12,682 - INFO -   jpeg_q85       :  49.92% - DETECTED
2025-10-21 00:02:12,683 - INFO -   jpeg_q75       :  50.11% - DETECTED
2025-10-21 00:02:12,684 - INFO -   jpeg_q50       :  50.15% - DETECTED
2025-10-21 00:02:12,685 - INFO -   jpeg_q25       :  50.15% - DETECTED
2025-10-21 00:02:12,687 - INFO -   noise_1        :  21.70% - DETECTED
2025-10-21 00:02:12,687 - INFO -   noise_2        :  35.45% - DETECTED
2025-10-21 00:02:12,689 - INFO -   noise_5        :  44.06% - DETECTED
2025-10-21 00:02:12,689 - INFO -   noise_10       :  46.91% - DETECTED
2025-10-21 00:02:12,691 - INFO -   brightness+2   :   0.00% - MISSED
2025-10-21 00:02:12,692 - INFO -   brightness-2   :   0.30% - MISSED
2025-10-21 00:02:12,693 - INFO -   brightness+5   : 100.00% - DETECTED
2025-10-21 00:02:12,694 - INFO -   brightness-5   :  98.91% - DETECTED
2025-10-21 00:02:12,695 - INFO -   brightness+10  :   0.00% - MISSED
2025-10-21 00:02:12,696 - INFO -   brightness-10  :   1.93% - MISSED
2025-10-21 00:02:12,697 - INFO -   brightness+20  :   0.00% - MISSED
2025-10-21 00:02:12,698 - INFO -   brightness-20  :   4.05% - DETECTED
2025-10-21 00:02:12,699 - INFO -   blur_3         :  44.24% - DETECTED
2025-10-21 00:02:12,701 - INFO -   blur_5         :  47.86% - DETECTED
2025-10-21 00:02:12,701 - INFO -   blur_7         :  49.52% - DETECTED
2025-10-21 00:02:12,703 - INFO -   crop_2         :  48.19% - DETECTED
2025-10-21 00:02:12,703 - INFO -   crop_5         :  49.70% - DETECTED
2025-10-21 00:02:12,704 - INFO -   crop_10        :  49.90% - DETECTED
2025-10-21 00:02:12,705 - INFO - 
Tampering Detection Rate: 85.9%
2025-10-21 00:02:12,709 - INFO - ------------------------------
2025-10-21 00:02:12,710 - INFO - Overall System Score: 92.9%
2025-10-21 00:02:12,711 - INFO - System Rating: EXCELLENT
2025-10-21 00:02:12,712 - INFO - Test Duration: 7.44 seconds
2025-10-21 00:02:12,713 - INFO - Log File: watermark_analysis_20251021_000205.log
2025-10-21 09:17:20,387 - ERROR - No such comm target registered: jupyter.widget.control
2025-10-21 09:17:20,390 - WARNING - No such comm: 11be7f82-f62b-44cd-9406-7fc5e5e43149
2025-10-21 13:02:47,569 - ERROR - No such comm target registered: jupyter.widget.control
2025-10-21 13:02:47,580 - WARNING - No such comm: 53c9c644-d920-4a74-9b3b-4095e4130a72
